2026-02-26 14:30:15,115 [INFO] 
2026-02-26 14:30:15,116 [INFO] =======================================================
2026-02-26 14:30:15,117 [INFO] HMS SYNC  |  SQL Anywhere  ->  SQLite
2026-02-26 14:30:15,117 [INFO] Time      |  2026-02-26 14:30:15
2026-02-26 14:30:15,118 [INFO] =======================================================
2026-02-26 14:30:20,212 [ERROR] SQL Anywhere connection FAILED: ('08001', '[08001] [SAP][ODBC Driver][SQL Anywhere]Database server not found (-100) (SQLDriverConnect)')
2026-02-26 14:30:20,213 [ERROR] 
2026-02-26 14:30:20,213 [ERROR] Troubleshooting tips:
2026-02-26 14:30:20,214 [ERROR]   1. Make sure SQL Anywhere service is running
2026-02-26 14:30:20,214 [ERROR]   2. Check host/port/database in config.json
2026-02-26 14:30:20,215 [ERROR]   3. Check UID and PWD in config.json
2026-02-26 14:30:20,229 [ERROR]   4. Available ODBC drivers on this PC: ['SQL Server', 'Microsoft Access Driver (*.mdb, *.accdb)', 'Microsoft Excel Driver (*.xls, *.xlsx, *.xlsm, *.xlsb)', 'Microsoft Access Text Driver (*.txt, *.csv)', 'SQL Anywhere 17', 'SQL Anywhere 17 - Oracle', 'UltraLite 17']
2026-02-26 14:34:36,476 [INFO] 
2026-02-26 14:34:36,476 [INFO] =======================================================
2026-02-26 14:34:36,476 [INFO] HMS SYNC  |  SQL Anywhere  ->  SQLite
2026-02-26 14:34:36,477 [INFO] Time      |  2026-02-26 14:34:36
2026-02-26 14:34:36,477 [INFO] =======================================================
2026-02-26 14:34:37,534 [ERROR] SQL Anywhere connection FAILED: ('08001', '[08001] [SAP][ODBC Driver][SQL Anywhere]Database server not found (-100) (SQLDriverConnect)')
2026-02-26 14:34:37,535 [ERROR] 
2026-02-26 14:34:37,535 [ERROR] Troubleshooting tips:
2026-02-26 14:34:37,536 [ERROR]   1. Make sure SQL Anywhere service is running
2026-02-26 14:34:37,536 [ERROR]   2. Check host/port/database in config.json
2026-02-26 14:34:37,536 [ERROR]   3. Check UID and PWD in config.json
2026-02-26 14:34:37,547 [ERROR]   4. Available ODBC drivers on this PC: ['SQL Server', 'Microsoft Access Driver (*.mdb, *.accdb)', 'Microsoft Excel Driver (*.xls, *.xlsx, *.xlsm, *.xlsb)', 'Microsoft Access Text Driver (*.txt, *.csv)', 'SQL Anywhere 17', 'SQL Anywhere 17 - Oracle', 'UltraLite 17']
2026-02-26 14:40:36,133 [INFO] 
2026-02-26 14:40:36,134 [INFO] =======================================================
2026-02-26 14:40:36,134 [INFO] HMS SYNC  |  SQL Anywhere  ->  SQLite
2026-02-26 14:40:36,135 [INFO] Time      |  2026-02-26 14:40:36
2026-02-26 14:40:36,135 [INFO] =======================================================
2026-02-26 14:40:37,180 [ERROR] SQL Anywhere connection FAILED: ('08001', '[08001] [SAP][ODBC Driver][SQL Anywhere]Database server not found (-100) (SQLDriverConnect)')
2026-02-26 14:40:37,180 [ERROR] 
2026-02-26 14:40:37,180 [ERROR] Troubleshooting tips:
2026-02-26 14:40:37,181 [ERROR]   1. Make sure SQL Anywhere service is running
2026-02-26 14:40:37,181 [ERROR]   2. Check host/port/database in config.json
2026-02-26 14:40:37,181 [ERROR]   3. Check UID and PWD in config.json
2026-02-26 14:40:37,202 [ERROR]   4. Available ODBC drivers on this PC: ['SQL Server', 'Microsoft Access Driver (*.mdb, *.accdb)', 'Microsoft Excel Driver (*.xls, *.xlsx, *.xlsm, *.xlsb)', 'Microsoft Access Text Driver (*.txt, *.csv)', 'SQL Anywhere 17', 'SQL Anywhere 17 - Oracle', 'UltraLite 17']
2026-02-26 14:43:01,399 [INFO] 
2026-02-26 14:43:01,400 [INFO] =======================================================
2026-02-26 14:43:01,400 [INFO] HMS SYNC  |  SQL Anywhere  ->  SQLite
2026-02-26 14:43:01,400 [INFO] Time      |  2026-02-26 14:43:01
2026-02-26 14:43:01,401 [INFO] =======================================================
2026-02-26 14:43:01,518 [ERROR] SQL Anywhere connection FAILED: ('08001', '[08001] [SAP][ODBC Driver][SQL Anywhere]Database server not found (-100) (SQLDriverConnect)')
2026-02-26 14:43:01,518 [ERROR] 
2026-02-26 14:43:01,518 [ERROR] Troubleshooting tips:
2026-02-26 14:43:01,519 [ERROR]   1. Make sure SQL Anywhere service is running
2026-02-26 14:43:01,519 [ERROR]   2. Check host/port/database in config.json
2026-02-26 14:43:01,519 [ERROR]   3. Check UID and PWD in config.json
2026-02-26 14:43:01,522 [ERROR]   4. Available ODBC drivers on this PC: ['SQL Server', 'Microsoft Access Driver (*.mdb, *.accdb)', 'Microsoft Excel Driver (*.xls, *.xlsx, *.xlsm, *.xlsb)', 'Microsoft Access Text Driver (*.txt, *.csv)', 'SQL Anywhere 17', 'SQL Anywhere 17 - Oracle', 'UltraLite 17']
2026-02-26 14:44:58,886 [INFO] 
2026-02-26 14:44:58,886 [INFO] =======================================================
2026-02-26 14:44:58,887 [INFO] HMS SYNC  |  SQL Anywhere  ->  SQLite
2026-02-26 14:44:58,887 [INFO] Time      |  2026-02-26 14:44:58
2026-02-26 14:44:58,888 [INFO] =======================================================
2026-02-26 14:45:03,546 [ERROR] SQL Anywhere connection FAILED: ('08001', '[08001] [SAP][ODBC Driver][SQL Anywhere]Database server not found (-100) (SQLDriverConnect)')
2026-02-26 14:45:03,547 [ERROR] 
2026-02-26 14:45:03,547 [ERROR] Troubleshooting tips:
2026-02-26 14:45:03,548 [ERROR]   1. Make sure SQL Anywhere service is running
2026-02-26 14:45:03,548 [ERROR]   2. Check host/port/database in config.json
2026-02-26 14:45:03,548 [ERROR]   3. Check UID and PWD in config.json
2026-02-26 14:45:03,551 [ERROR]   4. Available ODBC drivers on this PC: ['SQL Server', 'Microsoft Access Driver (*.mdb, *.accdb)', 'Microsoft Excel Driver (*.xls, *.xlsx, *.xlsm, *.xlsb)', 'Microsoft Access Text Driver (*.txt, *.csv)', 'SQL Anywhere 17', 'SQL Anywhere 17 - Oracle', 'UltraLite 17']
2026-02-26 15:10:59,118 [INFO] 
2026-02-26 15:10:59,118 [INFO] =======================================================
2026-02-26 15:10:59,119 [INFO] HMS SYNC  |  SQL Anywhere  ->  SQLite
2026-02-26 15:10:59,119 [INFO] Time      |  2026-02-26 15:10:59
2026-02-26 15:10:59,119 [INFO] =======================================================
2026-02-26 15:10:59,119 [INFO] Trying Host=localhost:2638 DatabaseName=medimall ...
2026-02-26 15:11:04,110 [WARNING] localhost:2638 attempt failed: ('08001', '[08001] [SAP][ODBC Driver][SQL Anywhere]Database server not found (-100) (SQLDriverConnect)')
2026-02-26 15:11:04,116 [INFO] Trying Host=127.0.0.1:2638 ...
2026-02-26 15:11:06,257 [WARNING] 127.0.0.1:2638 attempt failed: ('08001', '[08001] [SAP][ODBC Driver][SQL Anywhere]Database server not found (-100) (SQLDriverConnect)')
2026-02-26 15:11:06,301 [INFO] Trying ServerName=DatabaseName=medimall ...
2026-02-26 15:11:06,507 [ERROR] SQL Anywhere connection FAILED: ('08001', '[08001] [SAP][ODBC Driver][SQL Anywhere]Database server not found (-100) (SQLDriverConnect)')
2026-02-26 15:11:06,612 [ERROR] 
2026-02-26 15:11:06,673 [ERROR] Troubleshooting tips:
2026-02-26 15:11:06,718 [ERROR]   1. Make sure SQL Anywhere service is running
2026-02-26 15:11:06,735 [ERROR]   2. Open Sybase Central and check server name exactly
2026-02-26 15:11:06,756 [ERROR]   3. Update config.json -> source_db -> server with exact name
2026-02-26 15:11:06,871 [ERROR]   4. Available ODBC drivers: ['SQL Server', 'Microsoft Access Driver (*.mdb, *.accdb)', 'Microsoft Excel Driver (*.xls, *.xlsx, *.xlsm, *.xlsb)', 'Microsoft Access Text Driver (*.txt, *.csv)', 'SQL Anywhere 17', 'SQL Anywhere 17 - Oracle', 'UltraLite 17']
2026-02-26 15:16:18,383 [INFO] 
2026-02-26 15:16:18,423 [INFO] =======================================================
2026-02-26 15:16:18,428 [INFO] HMS SYNC  |  SQL Anywhere  ->  SQLite
2026-02-26 15:16:18,429 [INFO] Time      |  2026-02-26 15:16:18
2026-02-26 15:16:18,430 [INFO] =======================================================
2026-02-26 15:16:18,430 [INFO] Trying Host=localhost:2638 DatabaseName=medimall ...
2026-02-26 15:16:22,983 [WARNING] localhost:2638 attempt failed: ('08001', '[08001] [SAP][ODBC Driver][SQL Anywhere]Database server not found (-100) (SQLDriverConnect)')
2026-02-26 15:16:22,983 [INFO] Trying Host=127.0.0.1:2638 ...
2026-02-26 15:16:25,007 [WARNING] 127.0.0.1:2638 attempt failed: ('08001', '[08001] [SAP][ODBC Driver][SQL Anywhere]Database server not found (-100) (SQLDriverConnect)')
2026-02-26 15:16:25,055 [INFO] Trying ServerName=DatabaseName=medimall ...
2026-02-26 15:16:25,062 [ERROR] SQL Anywhere connection FAILED: ('08001', '[08001] [SAP][ODBC Driver][SQL Anywhere]Database server not found (-100) (SQLDriverConnect)')
2026-02-26 15:16:25,062 [ERROR] 
2026-02-26 15:16:25,063 [ERROR] Troubleshooting tips:
2026-02-26 15:16:25,063 [ERROR]   1. Make sure SQL Anywhere service is running
2026-02-26 15:16:25,064 [ERROR]   2. Open Sybase Central and check server name exactly
2026-02-26 15:16:25,065 [ERROR]   3. Update config.json -> source_db -> server with exact name
2026-02-26 15:16:25,077 [ERROR]   4. Available ODBC drivers: ['SQL Server', 'Microsoft Access Driver (*.mdb, *.accdb)', 'Microsoft Excel Driver (*.xls, *.xlsx, *.xlsm, *.xlsb)', 'Microsoft Access Text Driver (*.txt, *.csv)', 'SQL Anywhere 17', 'SQL Anywhere 17 - Oracle', 'UltraLite 17']
2026-02-26 15:19:02,073 [INFO] 
2026-02-26 15:19:02,074 [INFO] =======================================================
2026-02-26 15:19:02,074 [INFO] HMS SYNC  |  SQL Anywhere  ->  SQLite
2026-02-26 15:19:02,075 [INFO] Time      |  2026-02-26 15:19:02
2026-02-26 15:19:02,077 [INFO] =======================================================
2026-02-26 15:19:02,079 [INFO] Trying Host=localhost:2638 DatabaseName=medimall ...
2026-02-26 15:19:06,557 [WARNING] localhost:2638 attempt failed: ('08001', '[08001] [SAP][ODBC Driver][SQL Anywhere]Database server not found (-100) (SQLDriverConnect)')
2026-02-26 15:19:06,559 [INFO] Trying Host=127.0.0.1:2638 ...
2026-02-26 15:19:09,053 [WARNING] 127.0.0.1:2638 attempt failed: ('08001', '[08001] [SAP][ODBC Driver][SQL Anywhere]Database server not found (-100) (SQLDriverConnect)')
2026-02-26 15:19:09,053 [INFO] Trying ServerName=DatabaseName=medimall ...
2026-02-26 15:19:09,160 [INFO] Connected to SQL Anywhere (HMS)
2026-02-26 15:19:09,161 [INFO] Fetching hms_doctors ...
2026-02-26 15:19:09,213 [INFO]   -> 91 doctor(s) fetched
2026-02-26 15:19:09,214 [INFO] Fetching hms_doctorstiming ...
2026-02-26 15:19:09,221 [INFO]   -> 191 timing record(s) fetched
2026-02-26 15:19:09,222 [INFO] Fetching misel (hospital info) ...
2026-02-26 15:19:09,225 [ERROR] Data fetch FAILED: ('42000', "[42000] [SAP][ODBC Driver][SQL Anywhere]Syntax error near 'FETCH' on line 5  (-131) (SQLExecDirectW)")
2026-02-26 15:21:50,653 [INFO] 
2026-02-26 15:21:50,654 [INFO] =======================================================
2026-02-26 15:21:50,654 [INFO] HMS SYNC  |  SQL Anywhere  ->  SQLite
2026-02-26 15:21:50,654 [INFO] Time      |  2026-02-26 15:21:50
2026-02-26 15:21:50,655 [INFO] =======================================================
2026-02-26 15:21:55,197 [ERROR] SQL Anywhere connection FAILED: ('08001', '[08001] [SAP][ODBC Driver][SQL Anywhere]Database server not found (-100) (SQLDriverConnect)')
2026-02-26 15:21:55,197 [ERROR] 
2026-02-26 15:21:55,198 [ERROR] Troubleshooting tips:
2026-02-26 15:21:55,198 [ERROR]   1. Make sure SQL Anywhere service is running
2026-02-26 15:21:55,198 [ERROR]   2. Check host/port/database in config.json
2026-02-26 15:21:55,199 [ERROR]   3. Check UID and PWD in config.json
2026-02-26 15:21:55,202 [ERROR]   4. Available ODBC drivers on this PC: ['SQL Server', 'Microsoft Access Driver (*.mdb, *.accdb)', 'Microsoft Excel Driver (*.xls, *.xlsx, *.xlsm, *.xlsb)', 'Microsoft Access Text Driver (*.txt, *.csv)', 'SQL Anywhere 17', 'SQL Anywhere 17 - Oracle', 'UltraLite 17']
2026-02-26 15:22:40,242 [INFO] 
2026-02-26 15:22:40,243 [INFO] =======================================================
2026-02-26 15:22:40,243 [INFO] HMS SYNC  |  SQL Anywhere  ->  SQLite
2026-02-26 15:22:40,244 [INFO] Time      |  2026-02-26 15:22:40
2026-02-26 15:22:40,244 [INFO] =======================================================
2026-02-26 15:22:44,485 [ERROR] SQL Anywhere connection FAILED: ('08001', '[08001] [SAP][ODBC Driver][SQL Anywhere]Database server not found (-100) (SQLDriverConnect)')
2026-02-26 15:22:44,485 [ERROR] 
2026-02-26 15:22:44,485 [ERROR] Troubleshooting tips:
2026-02-26 15:22:44,486 [ERROR]   1. Make sure SQL Anywhere service is running
2026-02-26 15:22:44,486 [ERROR]   2. Check host/port/database in config.json
2026-02-26 15:22:44,486 [ERROR]   3. Check UID and PWD in config.json
2026-02-26 15:22:44,490 [ERROR]   4. Available ODBC drivers on this PC: ['SQL Server', 'Microsoft Access Driver (*.mdb, *.accdb)', 'Microsoft Excel Driver (*.xls, *.xlsx, *.xlsm, *.xlsb)', 'Microsoft Access Text Driver (*.txt, *.csv)', 'SQL Anywhere 17', 'SQL Anywhere 17 - Oracle', 'UltraLite 17']
2026-02-26 15:25:05,141 [INFO] 
2026-02-26 15:25:05,142 [INFO] =======================================================
2026-02-26 15:25:05,142 [INFO] HMS SYNC  |  SQL Anywhere  ->  SQLite
2026-02-26 15:25:05,143 [INFO] Time      |  2026-02-26 15:25:05
2026-02-26 15:25:05,143 [INFO] =======================================================
2026-02-26 15:25:05,143 [INFO] Trying ServerName=medimall ...
2026-02-26 15:25:05,383 [INFO] Connected via ServerName=medimall!
2026-02-26 15:25:05,383 [INFO] Fetching hms_doctors ...
2026-02-26 15:25:05,389 [INFO]   -> 91 doctor(s) fetched
2026-02-26 15:25:05,392 [INFO] Fetching hms_doctorstiming ...
2026-02-26 15:25:05,419 [INFO]   -> 191 timing record(s) fetched
2026-02-26 15:25:05,432 [INFO] Fetching misel (hospital info) ...
2026-02-26 15:25:05,435 [INFO]   -> Hospital: DEMO
2026-02-26 15:25:05,463 [INFO] Ensuring SQLite tables exist ...
2026-02-26 15:25:05,494 [INFO]   -> Tables ready
2026-02-26 15:25:05,539 [INFO]   -> 91 doctor(s) saved to SQLite
2026-02-26 15:25:05,549 [INFO]   -> 191 timing(s) saved to SQLite
2026-02-26 15:25:05,555 [INFO]   -> Hospital saved: DEMO
2026-02-26 15:25:05,567 [INFO] 
2026-02-26 15:25:05,567 [INFO] SYNC COMPLETE!
2026-02-26 15:25:05,568 [INFO]   Doctors : 91
2026-02-26 15:25:05,569 [INFO]   Timings : 191
2026-02-26 15:25:05,569 [INFO]   Hospital: DEMO
2026-02-26 15:26:03,606 [INFO] =======================================================
2026-02-26 15:26:03,606 [INFO] VERIFY - SQLite DB contents
2026-02-26 15:26:03,607 [INFO] =======================================================
2026-02-26 15:26:03,714 [INFO] sync_doctors: 91 record(s)
2026-02-26 15:26:03,715 [INFO]   ('EX', 'External Doctor', 'DF', 0.0)
2026-02-26 15:26:03,715 [INFO]   ('DR1', 'DR.FAVAS RAHIM P K', 'DIABT', 250.0)
2026-02-26 15:26:03,716 [INFO]   ('DVL', 'DR.AJINA ANUROOP', 'SKIN', 250.0)
2026-02-26 15:26:03,716 [INFO] sync_doctorstiming: 191 record(s)
2026-02-26 15:26:03,717 [INFO]   (2, 'ANZ', None, None)
2026-02-26 15:26:03,717 [INFO]   (3, 'KRB', None, None)
2026-02-26 15:26:03,717 [INFO]   (7, 'IND', None, None)
2026-02-26 15:26:03,718 [INFO] sync_misel: 1 record(s)
2026-02-26 15:26:03,718 [INFO]   ('DEMO', 'DEMO', '2026-02-26T09:55:05.551160')
2026-02-26 15:26:03,719 [INFO] =======================================================
2026-02-26 15:26:20,457 [INFO] Watch mode - syncing every 300s. Ctrl+C to stop.
2026-02-26 15:26:20,458 [INFO] 
2026-02-26 15:26:20,458 [INFO] =======================================================
2026-02-26 15:26:20,459 [INFO] HMS SYNC  |  SQL Anywhere  ->  SQLite
2026-02-26 15:26:20,459 [INFO] Time      |  2026-02-26 15:26:20
2026-02-26 15:26:20,459 [INFO] =======================================================
2026-02-26 15:26:20,460 [INFO] Trying ServerName=medimall ...
2026-02-26 15:26:20,796 [INFO] Connected via ServerName=medimall!
2026-02-26 15:26:20,797 [INFO] Fetching hms_doctors ...
2026-02-26 15:26:20,801 [INFO]   -> 91 doctor(s) fetched
2026-02-26 15:26:20,802 [INFO] Fetching hms_doctorstiming ...
2026-02-26 15:26:20,808 [INFO]   -> 191 timing record(s) fetched
2026-02-26 15:26:20,813 [INFO] Fetching misel (hospital info) ...
2026-02-26 15:26:20,816 [INFO]   -> Hospital: DEMO
2026-02-26 15:26:20,819 [INFO] Ensuring SQLite tables exist ...
2026-02-26 15:26:20,822 [INFO]   -> Tables ready
2026-02-26 15:26:20,983 [INFO]   -> 91 doctor(s) saved to SQLite
2026-02-26 15:26:21,026 [INFO]   -> 191 timing(s) saved to SQLite
2026-02-26 15:26:21,067 [INFO]   -> Hospital saved: DEMO
2026-02-26 15:26:21,224 [INFO] 
2026-02-26 15:26:21,225 [INFO] SYNC COMPLETE!
2026-02-26 15:26:21,226 [INFO]   Doctors : 91
2026-02-26 15:26:21,226 [INFO]   Timings : 191
2026-02-26 15:26:21,227 [INFO]   Hospital: DEMO
2026-02-26 15:26:21,229 [INFO] Next sync in 300s ...
2026-02-26 15:31:21,236 [INFO] 
2026-02-26 15:31:21,238 [INFO] =======================================================
2026-02-26 15:31:21,254 [INFO] HMS SYNC  |  SQL Anywhere  ->  SQLite
2026-02-26 15:31:21,269 [INFO] Time      |  2026-02-26 15:31:21
2026-02-26 15:31:21,270 [INFO] =======================================================
2026-02-26 15:31:21,271 [INFO] Trying ServerName=medimall ...
2026-02-26 15:31:21,354 [INFO] Connected via ServerName=medimall!
2026-02-26 15:31:21,354 [INFO] Fetching hms_doctors ...
2026-02-26 15:31:21,370 [INFO]   -> 91 doctor(s) fetched
2026-02-26 15:31:21,370 [INFO] Fetching hms_doctorstiming ...
2026-02-26 15:31:21,388 [INFO]   -> 191 timing record(s) fetched
2026-02-26 15:31:21,392 [INFO] Fetching misel (hospital info) ...
2026-02-26 15:31:21,401 [INFO]   -> Hospital: DEMO
2026-02-26 15:31:21,419 [INFO] Ensuring SQLite tables exist ...
2026-02-26 15:31:21,421 [INFO]   -> Tables ready
2026-02-26 15:31:21,452 [INFO]   -> 91 doctor(s) saved to SQLite
2026-02-26 15:31:21,529 [INFO]   -> 191 timing(s) saved to SQLite
2026-02-26 15:31:21,540 [INFO]   -> Hospital saved: DEMO
2026-02-26 15:31:21,687 [INFO] 
2026-02-26 15:31:21,779 [INFO] SYNC COMPLETE!
2026-02-26 15:31:21,832 [INFO]   Doctors : 91
2026-02-26 15:31:21,833 [INFO]   Timings : 191
2026-02-26 15:31:21,834 [INFO]   Hospital: DEMO
2026-02-26 15:31:21,835 [INFO] Next sync in 300s ...
2026-02-26 15:36:21,847 [INFO] 
2026-02-26 15:36:21,865 [INFO] =======================================================
2026-02-26 15:36:21,892 [INFO] HMS SYNC  |  SQL Anywhere  ->  SQLite
2026-02-26 15:36:21,911 [INFO] Time      |  2026-02-26 15:36:21
2026-02-26 15:36:21,926 [INFO] =======================================================
2026-02-26 15:36:21,928 [INFO] Trying ServerName=medimall ...
2026-02-26 15:36:21,976 [INFO] Connected via ServerName=medimall!
2026-02-26 15:36:21,986 [INFO] Fetching hms_doctors ...
2026-02-26 15:36:22,003 [INFO]   -> 91 doctor(s) fetched
2026-02-26 15:36:22,004 [INFO] Fetching hms_doctorstiming ...
2026-02-26 15:36:22,034 [INFO]   -> 191 timing record(s) fetched
2026-02-26 15:36:22,037 [INFO] Fetching misel (hospital info) ...
2026-02-26 15:36:22,041 [INFO]   -> Hospital: DEMO
2026-02-26 15:36:22,046 [INFO] Ensuring SQLite tables exist ...
2026-02-26 15:36:22,051 [INFO]   -> Tables ready
2026-02-26 15:36:22,069 [INFO]   -> 91 doctor(s) saved to SQLite
2026-02-26 15:36:22,082 [INFO]   -> 191 timing(s) saved to SQLite
2026-02-26 15:36:22,149 [INFO]   -> Hospital saved: DEMO
2026-02-26 15:36:22,159 [INFO] 
2026-02-26 15:36:22,160 [INFO] SYNC COMPLETE!
2026-02-26 15:36:22,161 [INFO]   Doctors : 91
2026-02-26 15:36:22,161 [INFO]   Timings : 191
2026-02-26 15:36:22,166 [INFO]   Hospital: DEMO
2026-02-26 15:36:22,172 [INFO] Next sync in 300s ...
2026-02-26 15:41:22,173 [INFO] 
2026-02-26 15:41:22,174 [INFO] =======================================================
2026-02-26 15:41:22,174 [INFO] HMS SYNC  |  SQL Anywhere  ->  SQLite
2026-02-26 15:41:22,174 [INFO] Time      |  2026-02-26 15:41:22
2026-02-26 15:41:22,175 [INFO] =======================================================
2026-02-26 15:41:22,176 [INFO] Trying ServerName=medimall ...
2026-02-26 15:41:22,197 [INFO] Connected via ServerName=medimall!
2026-02-26 15:41:22,199 [INFO] Fetching hms_doctors ...
2026-02-26 15:41:22,209 [INFO]   -> 91 doctor(s) fetched
2026-02-26 15:41:22,234 [INFO] Fetching hms_doctorstiming ...
2026-02-26 15:41:22,263 [INFO]   -> 191 timing record(s) fetched
2026-02-26 15:41:22,271 [INFO] Fetching misel (hospital info) ...
2026-02-26 15:41:22,273 [INFO]   -> Hospital: DEMO
2026-02-26 15:41:22,288 [INFO] Ensuring SQLite tables exist ...
2026-02-26 15:41:22,291 [INFO]   -> Tables ready
2026-02-26 15:41:22,313 [INFO]   -> 91 doctor(s) saved to SQLite
2026-02-26 15:41:22,326 [INFO]   -> 191 timing(s) saved to SQLite
2026-02-26 15:41:22,336 [INFO]   -> Hospital saved: DEMO
2026-02-26 15:41:22,349 [INFO] 
2026-02-26 15:41:22,352 [INFO] SYNC COMPLETE!
2026-02-26 15:41:22,353 [INFO]   Doctors : 91
2026-02-26 15:41:22,354 [INFO]   Timings : 191
2026-02-26 15:41:22,354 [INFO]   Hospital: DEMO
2026-02-26 15:41:22,359 [INFO] Next sync in 300s ...
2026-02-26 15:46:22,361 [INFO] 
2026-02-26 15:46:22,361 [INFO] =======================================================
2026-02-26 15:46:22,362 [INFO] HMS SYNC  |  SQL Anywhere  ->  SQLite
2026-02-26 15:46:22,362 [INFO] Time      |  2026-02-26 15:46:22
2026-02-26 15:46:22,363 [INFO] =======================================================
2026-02-26 15:46:22,364 [INFO] Trying ServerName=medimall ...
2026-02-26 15:46:22,385 [INFO] Connected via ServerName=medimall!
2026-02-26 15:46:22,386 [INFO] Fetching hms_doctors ...
2026-02-26 15:46:22,394 [INFO]   -> 91 doctor(s) fetched
2026-02-26 15:46:22,394 [INFO] Fetching hms_doctorstiming ...
2026-02-26 15:46:22,403 [INFO]   -> 191 timing record(s) fetched
2026-02-26 15:46:22,412 [INFO] Fetching misel (hospital info) ...
2026-02-26 15:46:22,418 [INFO]   -> Hospital: DEMO
2026-02-26 15:46:22,429 [INFO] Ensuring SQLite tables exist ...
2026-02-26 15:46:22,431 [INFO]   -> Tables ready
2026-02-26 15:46:22,449 [INFO]   -> 91 doctor(s) saved to SQLite
2026-02-26 15:46:22,457 [INFO]   -> 191 timing(s) saved to SQLite
2026-02-26 15:46:22,462 [INFO]   -> Hospital saved: DEMO
2026-02-26 15:46:22,471 [INFO] 
2026-02-26 15:46:22,476 [INFO] SYNC COMPLETE!
2026-02-26 15:46:22,479 [INFO]   Doctors : 91
2026-02-26 15:46:22,481 [INFO]   Timings : 191
2026-02-26 15:46:22,482 [INFO]   Hospital: DEMO
2026-02-26 15:46:22,483 [INFO] Next sync in 300s ...
2026-02-26 15:51:22,484 [INFO] 
2026-02-26 15:51:22,485 [INFO] =======================================================
2026-02-26 15:51:22,486 [INFO] HMS SYNC  |  SQL Anywhere  ->  SQLite
2026-02-26 15:51:22,487 [INFO] Time      |  2026-02-26 15:51:22
2026-02-26 15:51:22,487 [INFO] =======================================================
2026-02-26 15:51:22,488 [INFO] Trying ServerName=medimall ...
2026-02-26 15:51:22,498 [INFO] Connected via ServerName=medimall!
2026-02-26 15:51:22,499 [INFO] Fetching hms_doctors ...
2026-02-26 15:51:22,515 [INFO]   -> 91 doctor(s) fetched
2026-02-26 15:51:22,516 [INFO] Fetching hms_doctorstiming ...
2026-02-26 15:51:22,553 [INFO]   -> 191 timing record(s) fetched
2026-02-26 15:51:22,556 [INFO] Fetching misel (hospital info) ...
2026-02-26 15:51:22,558 [INFO]   -> Hospital: DEMO
2026-02-26 15:51:22,565 [INFO] Ensuring SQLite tables exist ...
2026-02-26 15:51:22,568 [INFO]   -> Tables ready
2026-02-26 15:51:22,644 [INFO]   -> 91 doctor(s) saved to SQLite
2026-02-26 15:51:22,656 [INFO]   -> 191 timing(s) saved to SQLite
2026-02-26 15:51:22,662 [INFO]   -> Hospital saved: DEMO
2026-02-26 15:51:22,674 [INFO] 
2026-02-26 15:51:22,674 [INFO] SYNC COMPLETE!
2026-02-26 15:51:22,675 [INFO]   Doctors : 91
2026-02-26 15:51:22,677 [INFO]   Timings : 191
2026-02-26 15:51:22,677 [INFO]   Hospital: DEMO
2026-02-26 15:51:22,678 [INFO] Next sync in 300s ...
2026-02-26 15:56:22,682 [INFO] 
2026-02-26 15:56:22,685 [INFO] =======================================================
2026-02-26 15:56:22,686 [INFO] HMS SYNC  |  SQL Anywhere  ->  SQLite
2026-02-26 15:56:22,686 [INFO] Time      |  2026-02-26 15:56:22
2026-02-26 15:56:22,687 [INFO] =======================================================
2026-02-26 15:56:22,687 [INFO] Trying ServerName=medimall ...
2026-02-26 15:56:22,731 [INFO] Connected via ServerName=medimall!
2026-02-26 15:56:22,743 [INFO] Fetching hms_doctors ...
2026-02-26 15:56:22,767 [INFO]   -> 91 doctor(s) fetched
2026-02-26 15:56:22,786 [INFO] Fetching hms_doctorstiming ...
2026-02-26 15:56:22,803 [INFO]   -> 191 timing record(s) fetched
2026-02-26 15:56:22,839 [INFO] Fetching misel (hospital info) ...
2026-02-26 15:56:22,855 [INFO]   -> Hospital: DEMO
2026-02-26 15:56:22,874 [INFO] Ensuring SQLite tables exist ...
2026-02-26 15:56:22,879 [INFO]   -> Tables ready
2026-02-26 15:56:22,970 [INFO]   -> 91 doctor(s) saved to SQLite
2026-02-26 15:56:23,053 [INFO]   -> 191 timing(s) saved to SQLite
2026-02-26 15:56:23,062 [INFO]   -> Hospital saved: DEMO
2026-02-26 15:56:23,494 [INFO] 
2026-02-26 15:56:23,617 [INFO] SYNC COMPLETE!
2026-02-26 15:56:23,640 [INFO]   Doctors : 91
2026-02-26 15:56:23,643 [INFO]   Timings : 191
2026-02-26 15:56:23,656 [INFO]   Hospital: DEMO
2026-02-26 15:56:23,669 [INFO] Next sync in 300s ...
2026-02-26 16:00:54,510 [INFO] 
2026-02-26 16:00:54,511 [INFO] =======================================================
2026-02-26 16:00:54,512 [INFO] HMS SYNC  |  SQL Anywhere  ->  SQLite
2026-02-26 16:00:54,512 [INFO] Time      |  2026-02-26 16:00:54
2026-02-26 16:00:54,513 [INFO] =======================================================
2026-02-26 16:00:54,513 [INFO] Trying ServerName=medimall ...
2026-02-26 16:00:55,811 [INFO] Connected via ServerName=medimall!
2026-02-26 16:00:55,824 [INFO] Fetching hms_doctors ...
2026-02-26 16:00:55,884 [INFO]   -> 91 doctor(s) fetched
2026-02-26 16:00:55,885 [INFO] Fetching hms_doctorstiming ...
2026-02-26 16:00:55,899 [INFO]   -> 191 timing record(s) fetched
2026-02-26 16:00:55,906 [INFO] Fetching misel (hospital info) ...
2026-02-26 16:00:55,917 [INFO]   -> Hospital: DEMO
2026-02-26 16:00:55,922 [ERROR] Fetch FAILED: name 'fetch_department' is not defined
2026-02-26 16:02:59,564 [INFO] 
2026-02-26 16:02:59,565 [INFO] =======================================================
2026-02-26 16:02:59,566 [INFO] HMS SYNC  |  SQL Anywhere  ->  SQLite
2026-02-26 16:02:59,566 [INFO] Time      |  2026-02-26 16:02:59
2026-02-26 16:02:59,566 [INFO] =======================================================
2026-02-26 16:02:59,567 [INFO] Trying ServerName=medimall ...
2026-02-26 16:03:00,301 [INFO] Connected via ServerName=medimall!
2026-02-26 16:03:00,301 [INFO] Fetching hms_doctors ...
2026-02-26 16:03:00,501 [INFO]   -> 91 doctor(s) fetched
2026-02-26 16:03:00,505 [INFO] Fetching hms_doctorstiming ...
2026-02-26 16:03:00,514 [INFO]   -> 191 timing record(s) fetched
2026-02-26 16:03:00,515 [INFO] Fetching misel (hospital info) ...
2026-02-26 16:03:00,535 [INFO]   -> Hospital: DEMO
2026-02-26 16:03:00,538 [INFO] Fetching hms_department ...
2026-02-26 16:03:00,541 [INFO]   -> 35 department(s) fetched
2026-02-26 16:03:00,627 [INFO] Ensuring SQLite tables exist ...
2026-02-26 16:03:00,630 [INFO]   -> Tables ready
2026-02-26 16:03:00,653 [INFO]   -> 91 doctor(s) saved to SQLite
2026-02-26 16:03:00,673 [INFO]   -> 191 timing(s) saved to SQLite
2026-02-26 16:03:00,680 [INFO]   -> Hospital saved: DEMO
2026-02-26 16:03:00,685 [ERROR] SQLite write FAILED: name 'upsert_department' is not defined
2026-02-26 16:04:31,464 [INFO] 
2026-02-26 16:04:31,468 [INFO] =======================================================
2026-02-26 16:04:31,471 [INFO] HMS SYNC  |  SQL Anywhere  ->  SQLite
2026-02-26 16:04:31,472 [INFO] Time      |  2026-02-26 16:04:31
2026-02-26 16:04:31,474 [INFO] =======================================================
2026-02-26 16:04:31,475 [INFO] Trying ServerName=medimall ...
2026-02-26 16:04:31,720 [INFO] Connected via ServerName=medimall!
2026-02-26 16:04:31,721 [INFO] Fetching hms_doctors ...
2026-02-26 16:04:31,728 [INFO]   -> 91 doctor(s) fetched
2026-02-26 16:04:31,741 [INFO] Fetching hms_doctorstiming ...
2026-02-26 16:04:31,753 [INFO]   -> 191 timing record(s) fetched
2026-02-26 16:04:31,755 [INFO] Fetching misel (hospital info) ...
2026-02-26 16:04:31,763 [INFO]   -> Hospital: DEMO
2026-02-26 16:04:31,764 [INFO] Fetching hms_department ...
2026-02-26 16:04:31,773 [INFO]   -> 35 department(s) fetched
2026-02-26 16:04:31,777 [INFO] Ensuring SQLite tables exist ...
2026-02-26 16:04:31,778 [INFO]   -> Tables ready
2026-02-26 16:04:31,796 [INFO]   -> 91 doctor(s) saved to SQLite
2026-02-26 16:04:31,809 [INFO]   -> 191 timing(s) saved to SQLite
2026-02-26 16:04:31,814 [INFO]   -> Hospital saved: DEMO
2026-02-26 16:04:31,820 [ERROR] SQLite write FAILED: no such table: sync_department
2026-02-26 16:06:24,831 [INFO] 
2026-02-26 16:06:24,848 [INFO] =======================================================
2026-02-26 16:06:24,850 [INFO] HMS SYNC  |  SQL Anywhere  ->  SQLite
2026-02-26 16:06:24,856 [INFO] Time      |  2026-02-26 16:06:24
2026-02-26 16:06:24,857 [INFO] =======================================================
2026-02-26 16:06:24,859 [INFO] Trying ServerName=medimall ...
2026-02-26 16:06:25,592 [INFO] Connected via ServerName=medimall!
2026-02-26 16:06:25,593 [INFO] Fetching hms_doctors ...
2026-02-26 16:06:25,712 [INFO]   -> 91 doctor(s) fetched
2026-02-26 16:06:25,713 [INFO] Fetching hms_doctorstiming ...
2026-02-26 16:06:25,723 [INFO]   -> 191 timing record(s) fetched
2026-02-26 16:06:25,725 [INFO] Fetching misel (hospital info) ...
2026-02-26 16:06:25,727 [INFO]   -> Hospital: DEMO
2026-02-26 16:06:25,729 [INFO] Fetching hms_department ...
2026-02-26 16:06:25,732 [INFO]   -> 35 department(s) fetched
2026-02-26 16:06:25,853 [INFO] Ensuring SQLite tables exist ...
2026-02-26 16:06:26,205 [INFO]   -> Tables ready
2026-02-26 16:06:26,343 [INFO]   -> 91 doctor(s) saved to SQLite
2026-02-26 16:06:26,489 [INFO]   -> 191 timing(s) saved to SQLite
2026-02-26 16:06:26,849 [INFO]   -> Hospital saved: DEMO
2026-02-26 16:06:27,032 [INFO]   -> 35 department(s) saved to SQLite
2026-02-26 16:06:27,588 [INFO] 
2026-02-26 16:06:27,590 [INFO] SYNC COMPLETE!
2026-02-26 16:06:27,591 [INFO]   Doctors : 91
2026-02-26 16:06:27,591 [INFO]   Timings : 191
2026-02-26 16:06:27,592 [INFO]   Hospital    : DEMO
2026-02-26 16:06:27,593 [INFO]   Departments : 35
2026-02-28 12:27:11,352 [INFO] 
2026-02-28 12:27:11,353 [INFO] =======================================================
2026-02-28 12:27:11,354 [INFO] HMS SYNC  |  SQL Anywhere  ->  SQLite
2026-02-28 12:27:11,354 [INFO] Time      |  2026-02-28 12:27:11
2026-02-28 12:27:11,355 [INFO] =======================================================
2026-02-28 12:27:11,355 [INFO] Trying ServerName=SHADEDB ...
2026-02-28 12:27:12,910 [INFO] Connected via ServerName=SHADEDB!
2026-02-28 12:27:12,911 [INFO] Fetching hms_doctors ...
2026-02-28 12:27:12,958 [INFO]   -> 92 doctor(s) fetched
2026-02-28 12:27:12,967 [INFO] Fetching hms_doctorstiming ...
2026-02-28 12:27:12,998 [INFO]   -> 305 timing record(s) fetched
2026-02-28 12:27:13,078 [INFO] Fetching misel (hospital info) ...
2026-02-28 12:27:13,089 [INFO]   -> Hospital: DRS UNITED
2026-02-28 12:27:13,115 [INFO] Fetching hms_department ...
2026-02-28 12:27:13,129 [INFO]   -> 36 department(s) fetched
2026-02-28 12:27:13,214 [INFO] Ensuring SQLite tables exist ...
2026-02-28 12:27:13,231 [INFO]   -> Tables ready
2026-02-28 12:27:13,251 [INFO]   -> 92 doctor(s) saved to SQLite
2026-02-28 12:27:13,493 [INFO]   -> 305 timing(s) saved to SQLite
2026-02-28 12:27:13,587 [INFO]   -> Hospital saved: DRS UNITED
2026-02-28 12:27:13,620 [INFO]   -> 36 department(s) saved to SQLite
2026-02-28 12:27:13,764 [INFO] 
2026-02-28 12:27:13,805 [INFO] SYNC COMPLETE!
2026-02-28 12:27:13,843 [INFO]   Doctors : 92
2026-02-28 12:27:13,963 [INFO]   Timings : 305
2026-02-28 12:27:14,144 [INFO]   Hospital    : DRS UNITED
2026-02-28 12:27:14,305 [INFO]   Departments : 36
